Analysis & Synthesis report for KBDINTF
Tue Feb 13 03:28:58 2024
Quartus Prime Version 17.0.0 Build 595 04/25/2017 SJ Lite Edition


---------------------
; Table of Contents ;
---------------------
  1. Legal Notice
  2. Analysis & Synthesis Summary
  3. Analysis & Synthesis Settings
  4. Parallel Compilation
  5. Analysis & Synthesis Source Files Read
  6. Analysis & Synthesis Resource Usage Summary
  7. Analysis & Synthesis Resource Utilization by Entity
  8. State Machine - |bitrec|SM_BITREC
  9. Registers Removed During Synthesis
 10. General Register Statistics
 11. Multiplexer Restructuring Statistics (Restructuring Performed)
 12. Post-Synthesis Netlist Statistics for Top Partition
 13. Elapsed Time Per Partition
 14. Analysis & Synthesis Messages



----------------
; Legal Notice ;
----------------
Copyright (C) 2017  Intel Corporation. All rights reserved.
Your use of Intel Corporation's design tools, logic functions 
and other software and tools, and its AMPP partner logic 
functions, and any output files from any of the foregoing 
(including device programming or simulation files), and any 
associated documentation or information are expressly subject 
to the terms and conditions of the Intel Program License 
Subscription Agreement, the Intel Quartus Prime License Agreement,
the Intel MegaCore Function License Agreement, or other 
applicable license agreement, including, without limitation, 
that your use is for the sole purpose of programming logic 
devices manufactured by Intel and sold by Intel or its 
authorized distributors.  Please refer to the applicable 
agreement for further details.



+-------------------------------------------------------------------------------+
; Analysis & Synthesis Summary                                                  ;
+---------------------------------+---------------------------------------------+
; Analysis & Synthesis Status     ; Successful - Tue Feb 13 03:28:58 2024       ;
; Quartus Prime Version           ; 17.0.0 Build 595 04/25/2017 SJ Lite Edition ;
; Revision Name                   ; KBDINTF                                     ;
; Top-level Entity Name           ; bitrec                                      ;
; Family                          ; Cyclone V                                   ;
; Logic utilization (in ALMs)     ; N/A                                         ;
; Total registers                 ; 28                                          ;
; Total pins                      ; 14                                          ;
; Total virtual pins              ; 0                                           ;
; Total block memory bits         ; 0                                           ;
; Total DSP Blocks                ; 0                                           ;
; Total HSSI RX PCSs              ; 0                                           ;
; Total HSSI PMA RX Deserializers ; 0                                           ;
; Total HSSI TX PCSs              ; 0                                           ;
; Total HSSI PMA TX Serializers   ; 0                                           ;
; Total PLLs                      ; 0                                           ;
; Total DLLs                      ; 0                                           ;
+---------------------------------+---------------------------------------------+


+---------------------------------------------------------------------------------------------------------------------------+
; Analysis & Synthesis Settings                                                                                             ;
+---------------------------------------------------------------------------------+--------------------+--------------------+
; Option                                                                          ; Setting            ; Default Value      ;
+---------------------------------------------------------------------------------+--------------------+--------------------+
; Device                                                                          ; 5CSXFC6D6F31C6     ;                    ;
; Top-level entity name                                                           ; bitrec             ; KBDINTF            ;
; Family name                                                                     ; Cyclone V          ; Cyclone V          ;
; Maximum processors allowed for parallel compilation                             ; All                ;                    ;
; Use smart compilation                                                           ; Off                ; Off                ;
; Enable parallel Assembler and TimeQuest Timing Analyzer during compilation      ; On                 ; On                 ;
; Enable compact report table                                                     ; Off                ; Off                ;
; Restructure Multiplexers                                                        ; Auto               ; Auto               ;
; MLAB Add Timing Constraints For Mixed-Port Feed-Through Mode Setting Don't Care ; Off                ; Off                ;
; Create Debugging Nodes for IP Cores                                             ; Off                ; Off                ;
; Preserve fewer node names                                                       ; On                 ; On                 ;
; OpenCore Plus hardware evaluation                                               ; Enable             ; Enable             ;
; Verilog Version                                                                 ; Verilog_2001       ; Verilog_2001       ;
; VHDL Version                                                                    ; VHDL_1993          ; VHDL_1993          ;
; State Machine Processing                                                        ; Auto               ; Auto               ;
; Safe State Machine                                                              ; Off                ; Off                ;
; Extract Verilog State Machines                                                  ; On                 ; On                 ;
; Extract VHDL State Machines                                                     ; On                 ; On                 ;
; Ignore Verilog initial constructs                                               ; Off                ; Off                ;
; Iteration limit for constant Verilog loops                                      ; 5000               ; 5000               ;
; Iteration limit for non-constant Verilog loops                                  ; 250                ; 250                ;
; Add Pass-Through Logic to Inferred RAMs                                         ; On                 ; On                 ;
; Infer RAMs from Raw Logic                                                       ; On                 ; On                 ;
; Parallel Synthesis                                                              ; On                 ; On                 ;
; DSP Block Balancing                                                             ; Auto               ; Auto               ;
; NOT Gate Push-Back                                                              ; On                 ; On                 ;
; Power-Up Don't Care                                                             ; On                 ; On                 ;
; Remove Redundant Logic Cells                                                    ; Off                ; Off                ;
; Remove Duplicate Registers                                                      ; On                 ; On                 ;
; Ignore CARRY Buffers                                                            ; Off                ; Off                ;
; Ignore CASCADE Buffers                                                          ; Off                ; Off                ;
; Ignore GLOBAL Buffers                                                           ; Off                ; Off                ;
; Ignore ROW GLOBAL Buffers                                                       ; Off                ; Off                ;
; Ignore LCELL Buffers                                                            ; Off                ; Off                ;
; Ignore SOFT Buffers                                                             ; On                 ; On                 ;
; Limit AHDL Integers to 32 Bits                                                  ; Off                ; Off                ;
; Optimization Technique                                                          ; Balanced           ; Balanced           ;
; Carry Chain Length                                                              ; 70                 ; 70                 ;
; Auto Carry Chains                                                               ; On                 ; On                 ;
; Auto Open-Drain Pins                                                            ; On                 ; On                 ;
; Perform WYSIWYG Primitive Resynthesis                                           ; Off                ; Off                ;
; Auto ROM Replacement                                                            ; On                 ; On                 ;
; Auto RAM Replacement                                                            ; On                 ; On                 ;
; Auto DSP Block Replacement                                                      ; On                 ; On                 ;
; Auto Shift Register Replacement                                                 ; Auto               ; Auto               ;
; Allow Shift Register Merging across Hierarchies                                 ; Auto               ; Auto               ;
; Auto Clock Enable Replacement                                                   ; On                 ; On                 ;
; Strict RAM Replacement                                                          ; Off                ; Off                ;
; Allow Synchronous Control Signals                                               ; On                 ; On                 ;
; Force Use of Synchronous Clear Signals                                          ; Off                ; Off                ;
; Auto Resource Sharing                                                           ; Off                ; Off                ;
; Allow Any RAM Size For Recognition                                              ; Off                ; Off                ;
; Allow Any ROM Size For Recognition                                              ; Off                ; Off                ;
; Allow Any Shift Register Size For Recognition                                   ; Off                ; Off                ;
; Use LogicLock Constraints during Resource Balancing                             ; On                 ; On                 ;
; Ignore translate_off and synthesis_off directives                               ; Off                ; Off                ;
; Timing-Driven Synthesis                                                         ; On                 ; On                 ;
; Report Parameter Settings                                                       ; On                 ; On                 ;
; Report Source Assignments                                                       ; On                 ; On                 ;
; Report Connectivity Checks                                                      ; On                 ; On                 ;
; Ignore Maximum Fan-Out Assignments                                              ; Off                ; Off                ;
; Synchronization Register Chain Length                                           ; 3                  ; 3                  ;
; PowerPlay Power Optimization During Synthesis                                   ; Normal compilation ; Normal compilation ;
; HDL message level                                                               ; Level2             ; Level2             ;
; Suppress Register Optimization Related Messages                                 ; Off                ; Off                ;
; Number of Removed Registers Reported in Synthesis Report                        ; 5000               ; 5000               ;
; Number of Swept Nodes Reported in Synthesis Report                              ; 5000               ; 5000               ;
; Number of Inverted Registers Reported in Synthesis Report                       ; 100                ; 100                ;
; Clock MUX Protection                                                            ; On                 ; On                 ;
; Auto Gated Clock Conversion                                                     ; Off                ; Off                ;
; Block Design Naming                                                             ; Auto               ; Auto               ;
; SDC constraint protection                                                       ; Off                ; Off                ;
; Synthesis Effort                                                                ; Auto               ; Auto               ;
; Shift Register Replacement - Allow Asynchronous Clear Signal                    ; On                 ; On                 ;
; Pre-Mapping Resynthesis Optimization                                            ; Off                ; Off                ;
; Analysis & Synthesis Message Level                                              ; Medium             ; Medium             ;
; Disable Register Merging Across Hierarchies                                     ; Auto               ; Auto               ;
; Resource Aware Inference For Block RAM                                          ; On                 ; On                 ;
; Automatic Parallel Synthesis                                                    ; On                 ; On                 ;
; Partial Reconfiguration Bitstream ID                                            ; Off                ; Off                ;
+---------------------------------------------------------------------------------+--------------------+--------------------+


+------------------------------------------+
; Parallel Compilation                     ;
+----------------------------+-------------+
; Processors                 ; Number      ;
+----------------------------+-------------+
; Number detected on machine ; 12          ;
; Maximum allowed            ; 12          ;
;                            ;             ;
; Average used               ; 1.00        ;
; Maximum used               ; 12          ;
;                            ;             ;
; Usage by Processor         ; % Time Used ;
;     Processor 1            ; 100.0%      ;
;     Processors 2-12        ;   0.0%      ;
+----------------------------+-------------+


+----------------------------------------------------------------------------------------------------------------------------------------------------------------------+
; Analysis & Synthesis Source Files Read                                                                                                                               ;
+----------------------------------+-----------------+------------------------------+------------------------------------------------------------------------+---------+
; File Name with User-Entered Path ; Used in Netlist ; File Type                    ; File Name with Absolute Path                                           ; Library ;
+----------------------------------+-----------------+------------------------------+------------------------------------------------------------------------+---------+
; rtl/bitrec.sv                    ; yes             ; User SystemVerilog HDL File  ; C:/Quartus Lab Projects/hw_debug/KBD_12_02_2024_restored/rtl/bitrec.sv ;         ;
+----------------------------------+-----------------+------------------------------+------------------------------------------------------------------------+---------+


+---------------------------------------------------------+
; Analysis & Synthesis Resource Usage Summary             ;
+---------------------------------------------+-----------+
; Resource                                    ; Usage     ;
+---------------------------------------------+-----------+
; Estimate of Logic utilization (ALMs needed) ; 16        ;
;                                             ;           ;
; Combinational ALUT usage for logic          ; 14        ;
;     -- 7 input functions                    ; 1         ;
;     -- 6 input functions                    ; 4         ;
;     -- 5 input functions                    ; 3         ;
;     -- 4 input functions                    ; 5         ;
;     -- <=3 input functions                  ; 1         ;
;                                             ;           ;
; Dedicated logic registers                   ; 28        ;
;                                             ;           ;
; I/O pins                                    ; 14        ;
;                                             ;           ;
; Total DSP Blocks                            ; 0         ;
;                                             ;           ;
; Maximum fan-out node                        ; clk~input ;
; Maximum fan-out                             ; 28        ;
; Total fan-out                               ; 205       ;
; Average fan-out                             ; 2.93      ;
+---------------------------------------------+-----------+


+----------------------------------------------------------------------------------------------------------------------------------------------------------------------------------------+
; Analysis & Synthesis Resource Utilization by Entity                                                                                                                                    ;
+----------------------------+---------------------+---------------------------+-------------------+------------+------+--------------+---------------------+-------------+--------------+
; Compilation Hierarchy Node ; Combinational ALUTs ; Dedicated Logic Registers ; Block Memory Bits ; DSP Blocks ; Pins ; Virtual Pins ; Full Hierarchy Name ; Entity Name ; Library Name ;
+----------------------------+---------------------+---------------------------+-------------------+------------+------+--------------+---------------------+-------------+--------------+
; |bitrec                    ; 14 (14)             ; 28 (28)                   ; 0                 ; 0          ; 14   ; 0            ; |bitrec             ; bitrec      ; work         ;
+----------------------------+---------------------+---------------------------+-------------------+------------+------+--------------+---------------------+-------------+--------------+
Note: For table entries with two numbers listed, the numbers in parentheses indicate the number of resources of the given type used by the specific entity alone. The numbers listed outside of parentheses indicate the total resources of the given type used by the specific entity and all of its sub-entities in the hierarchy.


Encoding Type:  One-Hot
+----------------------------------------------------------------------------------------------------------------------------------------+
; State Machine - |bitrec|SM_BITREC                                                                                                      ;
+-----------------------+-----------------------+---------------------+----------------------+-------------------+-----------------------+
; Name                  ; SM_BITREC.CHK_DATA_ST ; SM_BITREC.HI_CLK_ST ; SM_BITREC.LOW_CLK_ST ; SM_BITREC.IDLE_ST ; SM_BITREC.NEW_DATA_ST ;
+-----------------------+-----------------------+---------------------+----------------------+-------------------+-----------------------+
; SM_BITREC.IDLE_ST     ; 0                     ; 0                   ; 0                    ; 0                 ; 0                     ;
; SM_BITREC.LOW_CLK_ST  ; 0                     ; 0                   ; 1                    ; 1                 ; 0                     ;
; SM_BITREC.HI_CLK_ST   ; 0                     ; 1                   ; 0                    ; 1                 ; 0                     ;
; SM_BITREC.CHK_DATA_ST ; 1                     ; 0                   ; 0                    ; 1                 ; 0                     ;
; SM_BITREC.NEW_DATA_ST ; 0                     ; 0                   ; 0                    ; 1                 ; 1                     ;
+-----------------------+-----------------------+---------------------+----------------------+-------------------+-----------------------+


+------------------------------------------------------------+
; Registers Removed During Synthesis                         ;
+---------------------------------------+--------------------+
; Register name                         ; Reason for Removal ;
+---------------------------------------+--------------------+
; SM_BITREC~9                           ; Lost fanout        ;
; SM_BITREC~10                          ; Lost fanout        ;
; Total Number of Removed Registers = 2 ;                    ;
+---------------------------------------+--------------------+


+------------------------------------------------------+
; General Register Statistics                          ;
+----------------------------------------------+-------+
; Statistic                                    ; Value ;
+----------------------------------------------+-------+
; Total registers                              ; 28    ;
; Number of registers using Synchronous Clear  ; 10    ;
; Number of registers using Synchronous Load   ; 0     ;
; Number of registers using Asynchronous Clear ; 28    ;
; Number of registers using Asynchronous Load  ; 0     ;
; Number of registers using Clock Enable       ; 18    ;
; Number of registers using Preset             ; 0     ;
+----------------------------------------------+-------+


+------------------------------------------------------------------------------------------------------------------------------------------+
; Multiplexer Restructuring Statistics (Restructuring Performed)                                                                           ;
+--------------------+-----------+---------------+----------------------+------------------------+------------+----------------------------+
; Multiplexer Inputs ; Bus Width ; Baseline Area ; Area if Restructured ; Saving if Restructured ; Registered ; Example Multiplexer Output ;
+--------------------+-----------+---------------+----------------------+------------------------+------------+----------------------------+
; 5:1                ; 10 bits   ; 30 LEs        ; 0 LEs                ; 30 LEs                 ; Yes        ; |bitrec|shift_reg[8]       ;
; 7:1                ; 2 bits    ; 8 LEs         ; 4 LEs                ; 4 LEs                  ; No         ; |bitrec|Selector7          ;
; 8:1                ; 2 bits    ; 10 LEs        ; 4 LEs                ; 6 LEs                  ; No         ; |bitrec|Selector5          ;
+--------------------+-----------+---------------+----------------------+------------------------+------------+----------------------------+


+-----------------------------------------------------+
; Post-Synthesis Netlist Statistics for Top Partition ;
+-----------------------+-----------------------------+
; Type                  ; Count                       ;
+-----------------------+-----------------------------+
; arriav_ff             ; 28                          ;
;     CLR               ; 10                          ;
;     ENA CLR           ; 8                           ;
;     ENA CLR SCLR      ; 10                          ;
; arriav_lcell_comb     ; 14                          ;
;     extend            ; 1                           ;
;         7 data inputs ; 1                           ;
;     normal            ; 13                          ;
;         3 data inputs ; 1                           ;
;         4 data inputs ; 5                           ;
;         5 data inputs ; 3                           ;
;         6 data inputs ; 4                           ;
; boundary_port         ; 14                          ;
;                       ;                             ;
; Max LUT depth         ; 3.00                        ;
; Average LUT depth     ; 1.24                        ;
+-----------------------+-----------------------------+


+-------------------------------+
; Elapsed Time Per Partition    ;
+----------------+--------------+
; Partition Name ; Elapsed Time ;
+----------------+--------------+
; Top            ; 00:00:00     ;
+----------------+--------------+


+-------------------------------+
; Analysis & Synthesis Messages ;
+-------------------------------+
Info: *******************************************************************
Info: Running Quartus Prime Analysis & Synthesis
    Info: Version 17.0.0 Build 595 04/25/2017 SJ Lite Edition
    Info: Processing started: Tue Feb 13 03:28:50 2024
Info: Command: quartus_map --read_settings_files=on --write_settings_files=off KBD -c KBDINTF
Info (20030): Parallel compilation is enabled and will use 12 of the 12 processors detected
Info (12021): Found 1 design units, including 1 entities, in source file rtl/random.sv
    Info (12023): Found entity 1: random File: C:/Quartus Lab Projects/hw_debug/KBD_12_02_2024_restored/rtl/random.sv Line: 3
Info (12021): Found 1 design units, including 1 entities, in source file rtl/lpf.sv
    Info (12023): Found entity 1: lpf File: C:/Quartus Lab Projects/hw_debug/KBD_12_02_2024_restored/rtl/lpf.sv Line: 6
Info (12021): Found 1 design units, including 1 entities, in source file rtl/bitrec.sv
    Info (12023): Found entity 1: bitrec File: C:/Quartus Lab Projects/hw_debug/KBD_12_02_2024_restored/rtl/bitrec.sv Line: 4
Info (12021): Found 1 design units, including 1 entities, in source file rtl/byterec.sv
    Info (12023): Found entity 1: byterec File: C:/Quartus Lab Projects/hw_debug/KBD_12_02_2024_restored/rtl/byterec.sv Line: 4
Info (12021): Found 1 design units, including 1 entities, in source file rtl/keyboard_decoder.bdf
    Info (12023): Found entity 1: KEYBOARD_DECODER
Info (12021): Found 1 design units, including 1 entities, in source file rtl/singlekeydecoder.sv
    Info (12023): Found entity 1: singleKeyDecoder File: C:/Quartus Lab Projects/hw_debug/KBD_12_02_2024_restored/rtl/singleKeyDecoder.sv Line: 6
Info (12021): Found 1 design units, including 1 entities, in source file rtl/simple_up_counter.sv
    Info (12023): Found entity 1: simple_up_counter File: C:/Quartus Lab Projects/hw_debug/KBD_12_02_2024_restored/rtl/simple_up_counter.sv Line: 6
Info (12021): Found 1 design units, including 1 entities, in source file rtl/top_random.bdf
    Info (12023): Found entity 1: TOP_RANDOM
Info (12021): Found 1 design units, including 1 entities, in source file rtl/hexss.sv
    Info (12023): Found entity 1: HexSS File: C:/Quartus Lab Projects/hw_debug/KBD_12_02_2024_restored/rtl/HexSS.sv Line: 4
Info (12021): Found 1 design units, including 1 entities, in source file rtl/top_kbdintf.bdf
    Info (12023): Found entity 1: TOP_KBDINTF
Info (12021): Found 1 design units, including 1 entities, in source file clock_5mhz.v
    Info (12023): Found entity 1: clock_5MHz File: C:/Quartus Lab Projects/hw_debug/KBD_12_02_2024_restored/clock_5MHz.v Line: 8
Info (12021): Found 1 design units, including 1 entities, in source file clock_5mhz/clock_5mhz_0002.v
    Info (12023): Found entity 1: clock_5MHz_0002 File: C:/Quartus Lab Projects/hw_debug/KBD_12_02_2024_restored/clock_5MHz/clock_5MHz_0002.v Line: 2
Info (12021): Found 1 design units, including 1 entities, in source file rtl/oneshot.sv
    Info (12023): Found entity 1: oneshot File: C:/Quartus Lab Projects/hw_debug/KBD_12_02_2024_restored/rtl/oneshot.sv Line: 6
Info (12021): Found 1 design units, including 1 entities, in source file rtl/make_brake_extended_decoder.sv
    Info (12023): Found entity 1: make_brake_extended_decoder File: C:/Quartus Lab Projects/hw_debug/KBD_12_02_2024_restored/rtl/make_brake_extended_decoder.sv Line: 5
Warning (10236): Verilog HDL Implicit Net warning at byterec.sv(34): created implicit net for "normal_code" File: C:/Quartus Lab Projects/hw_debug/KBD_12_02_2024_restored/rtl/byterec.sv Line: 34
Warning (10236): Verilog HDL Implicit Net warning at byterec.sv(35): created implicit net for "ext_code" File: C:/Quartus Lab Projects/hw_debug/KBD_12_02_2024_restored/rtl/byterec.sv Line: 35
Warning (10236): Verilog HDL Implicit Net warning at byterec.sv(36): created implicit net for "rel_code" File: C:/Quartus Lab Projects/hw_debug/KBD_12_02_2024_restored/rtl/byterec.sv Line: 36
Info (12127): Elaborating entity "bitrec" for the top level hierarchy
Info (286030): Timing-Driven Synthesis is running
Info (17049): 2 registers lost all their fanouts during netlist optimizations.
Warning (20013): Ignored 16 assignments for entity "clock_5MHz" -- entity does not exist in design
    Warning (20014): Assignment for entity set_global_assignment -name IP_TOOL_NAME altera_pll -entity clock_5MHz -sip clock_5MHz.sip -library lib_clock_5MHz was ignored
    Warning (20014): Assignment for entity set_global_assignment -name IP_TOOL_VERSION 17.0 -entity clock_5MHz -sip clock_5MHz.sip -library lib_clock_5MHz was ignored
    Warning (20014): Assignment for entity set_global_assignment -name IP_TOOL_ENV mwpim -entity clock_5MHz -sip clock_5MHz.sip -library lib_clock_5MHz was ignored
Warning (20013): Ignored 317 assignments for entity "clock_5MHz_0002" -- entity does not exist in design
Info (16010): Generating hard_block partition "hard_block:auto_generated_inst"
    Info (16011): Adding 0 node(s), including 0 DDIO, 0 PLL, 0 transceiver and 0 LCELL
Info (21057): Implemented 47 device resources after synthesis - the final resource count might be different
    Info (21058): Implemented 4 input pins
    Info (21059): Implemented 10 output pins
    Info (21061): Implemented 33 logic cells
Info: Quartus Prime Analysis & Synthesis was successful. 0 errors, 8 warnings
    Info: Peak virtual memory: 4875 megabytes
    Info: Processing ended: Tue Feb 13 03:28:58 2024
    Info: Elapsed time: 00:00:08
    Info: Total CPU time (on all processors): 00:00:16


